<?xml version="1.0" encoding="UTF-8"?>
<!-- Generated by org.testng.reporters.JUnitReportReporter -->
<testsuite hostname="MNCTVN05589" name="test.Up" tests="1" failures="0" timestamp="26 Nov 2020 06:04:17 GMT" time="553.764" errors="0">
  <testcase name="upload" time="553.764" classname="test.Up"/>
</testsuite> <!-- test.Up -->
